[Mon Jan 16 2017 09:17:03 GMT+0000 (GMT)] INFO Users scan succeeded.
[Mon Jan 16 2017 09:17:03 GMT+0000 (GMT)] INFO Devices scan succeeded.
[Mon Jan 16 2017 09:17:31 GMT+0000 (GMT)] INFO Users scan succeeded.
[Mon Jan 16 2017 09:17:37 GMT+0000 (GMT)] INFO Devices scan succeeded.
[Mon Jan 16 2017 09:17:37 GMT+0000 (GMT)] INFO Users scan succeeded.
[Mon Jan 16 2017 09:21:12 GMT+0000 (GMT)] INFO Users scan succeeded.
[Mon Jan 16 2017 09:21:12 GMT+0000 (GMT)] INFO Devices scan succeeded.
[Mon Jan 16 2017 09:41:02 GMT+0000 (GMT)] INFO Users scan succeeded.
[Mon Jan 16 2017 09:41:02 GMT+0000 (GMT)] INFO Devices scan succeeded.
[Mon Jan 16 2017 09:41:35 GMT+0000 (GMT)] INFO Users scan succeeded.
[Mon Jan 16 2017 09:41:37 GMT+0000 (GMT)] INFO Users scan succeeded.
[Mon Jan 16 2017 09:41:37 GMT+0000 (GMT)] INFO Devices scan succeeded.
[Mon Jan 16 2017 09:42:02 GMT+0000 (GMT)] INFO Users scan succeeded.
[Mon Jan 16 2017 09:42:02 GMT+0000 (GMT)] INFO Devices scan succeeded.
[Mon Jan 16 2017 09:42:55 GMT+0000 (GMT)] INFO Devices scan succeeded.
[Mon Jan 16 2017 09:42:55 GMT+0000 (GMT)] INFO Users scan succeeded.
[Mon Jan 16 2017 09:43:49 GMT+0000 (GMT)] INFO Users scan succeeded.
[Mon Jan 16 2017 09:43:49 GMT+0000 (GMT)] INFO Devices scan succeeded.
[Mon Jan 16 2017 09:43:57 GMT+0000 (GMT)] INFO Update succeeded: Device: F4KK7S03F197 (Apple iPad Mini) >> Charging
[Mon Jan 16 2017 09:43:57 GMT+0000 (GMT)] INFO Devices scan succeeded.
[Mon Jan 16 2017 09:43:57 GMT+0000 (GMT)] INFO Users scan succeeded.
[Mon Jan 16 2017 09:44:05 GMT+0000 (GMT)] INFO Update succeeded: Device: F4KK7S03F197 (Apple iPad Mini) >> David Romilly
[Mon Jan 16 2017 09:44:05 GMT+0000 (GMT)] INFO Devices scan succeeded.
[Mon Jan 16 2017 09:44:05 GMT+0000 (GMT)] INFO Users scan succeeded.
[Mon Jan 16 2017 10:03:17 GMT+0000 (GMT)] INFO Users scan succeeded.
[Mon Jan 16 2017 10:03:17 GMT+0000 (GMT)] INFO Devices scan succeeded.
[Mon Jan 16 2017 10:07:22 GMT+0000 (GMT)] INFO Users scan succeeded.
[Mon Jan 16 2017 10:07:22 GMT+0000 (GMT)] INFO Devices scan succeeded.
[Mon Jan 16 2017 10:07:49 GMT+0000 (GMT)] INFO Devices scan succeeded.
[Mon Jan 16 2017 10:07:50 GMT+0000 (GMT)] INFO Users scan succeeded.
[Mon Jan 16 2017 10:08:25 GMT+0000 (GMT)] INFO Devices scan succeeded.
[Mon Jan 16 2017 10:08:25 GMT+0000 (GMT)] INFO Users scan succeeded.
[Mon Jan 16 2017 10:10:21 GMT+0000 (GMT)] INFO Users scan succeeded.
[Mon Jan 16 2017 10:10:21 GMT+0000 (GMT)] INFO Devices scan succeeded.
[Mon Jan 16 2017 10:13:15 GMT+0000 (GMT)] INFO Users scan succeeded.
[Mon Jan 16 2017 10:13:15 GMT+0000 (GMT)] INFO Devices scan succeeded.
[Mon Jan 16 2017 10:19:42 GMT+0000 (GMT)] INFO Devices scan succeeded.
[Mon Jan 16 2017 10:19:42 GMT+0000 (GMT)] INFO Users scan succeeded.
[Mon Jan 16 2017 10:20:02 GMT+0000 (GMT)] INFO Devices scan succeeded.
[Mon Jan 16 2017 10:20:02 GMT+0000 (GMT)] INFO Users scan succeeded.
[Mon Jan 16 2017 10:22:13 GMT+0000 (GMT)] INFO Users scan succeeded.
[Mon Jan 16 2017 10:22:13 GMT+0000 (GMT)] INFO Devices scan succeeded.
[Mon Jan 16 2017 10:23:57 GMT+0000 (GMT)] INFO Users scan succeeded.
[Mon Jan 16 2017 10:23:57 GMT+0000 (GMT)] INFO Devices scan succeeded.
[Mon Jan 16 2017 10:24:04 GMT+0000 (GMT)] INFO Update succeeded: Device: F4KK7S03F197 (Apple iPad Mini) >> Charging
[Mon Jan 16 2017 10:24:04 GMT+0000 (GMT)] INFO Devices scan succeeded.
[Mon Jan 16 2017 10:24:04 GMT+0000 (GMT)] INFO Users scan succeeded.
[Mon Jan 16 2017 10:24:12 GMT+0000 (GMT)] INFO Update succeeded: Device: F4KK7S03F197 (Apple iPad Mini) >> David Romilly
[Mon Jan 16 2017 10:24:12 GMT+0000 (GMT)] INFO Devices scan succeeded.
[Mon Jan 16 2017 10:24:12 GMT+0000 (GMT)] INFO Users scan succeeded.
[Mon Jan 16 2017 10:25:51 GMT+0000 (GMT)] INFO Users scan succeeded.
[Mon Jan 16 2017 10:25:51 GMT+0000 (GMT)] INFO Devices scan succeeded.
[Mon Jan 16 2017 10:26:04 GMT+0000 (GMT)] INFO Users scan succeeded.
[Mon Jan 16 2017 10:26:04 GMT+0000 (GMT)] INFO Devices scan succeeded.
[Mon Jan 16 2017 10:27:41 GMT+0000 (GMT)] INFO Devices scan succeeded.
[Mon Jan 16 2017 10:27:41 GMT+0000 (GMT)] INFO Users scan succeeded.
[Mon Jan 16 2017 10:27:44 GMT+0000 (GMT)] INFO Update succeeded: Device: F4KK7S03F197 (Apple iPad Mini) >> Charging
[Mon Jan 16 2017 10:27:44 GMT+0000 (GMT)] INFO Users scan succeeded.
[Mon Jan 16 2017 10:27:44 GMT+0000 (GMT)] INFO Devices scan succeeded.
[Mon Jan 16 2017 10:27:48 GMT+0000 (GMT)] INFO Update succeeded: Device: F4KK7S03F197 (Apple iPad Mini) >> David Romilly
[Mon Jan 16 2017 10:27:48 GMT+0000 (GMT)] INFO Users scan succeeded.
[Mon Jan 16 2017 10:27:48 GMT+0000 (GMT)] INFO Devices scan succeeded.
[Mon Jan 16 2017 10:28:17 GMT+0000 (GMT)] INFO Devices scan succeeded.
[Mon Jan 16 2017 10:28:17 GMT+0000 (GMT)] INFO Users scan succeeded.
[Mon Jan 16 2017 10:28:19 GMT+0000 (GMT)] INFO Devices scan succeeded.
[Mon Jan 16 2017 10:28:19 GMT+0000 (GMT)] INFO Users scan succeeded.
[Mon Jan 16 2017 10:31:37 GMT+0000 (GMT)] INFO Users scan succeeded.
[Mon Jan 16 2017 10:31:37 GMT+0000 (GMT)] INFO Devices scan succeeded.
[Mon Jan 16 2017 10:31:47 GMT+0000 (GMT)] INFO Devices scan succeeded.
[Mon Jan 16 2017 10:31:47 GMT+0000 (GMT)] INFO Users scan succeeded.
[Mon Jan 16 2017 10:31:53 GMT+0000 (GMT)] INFO Update succeeded: Device: F4KK7S03F197 (Apple iPad Mini) >> Balint Polgar
[Mon Jan 16 2017 10:31:53 GMT+0000 (GMT)] INFO Devices scan succeeded.
[Mon Jan 16 2017 10:31:53 GMT+0000 (GMT)] INFO Users scan succeeded.
[Mon Jan 16 2017 10:31:54 GMT+0000 (GMT)] INFO Devices scan succeeded.
[Mon Jan 16 2017 10:31:54 GMT+0000 (GMT)] INFO Users scan succeeded.
[Mon Jan 16 2017 10:31:56 GMT+0000 (GMT)] INFO Update succeeded: Device: F4KK7S03F197 (Apple iPad Mini) >> Charging
[Mon Jan 16 2017 10:31:57 GMT+0000 (GMT)] INFO Devices scan succeeded.
[Mon Jan 16 2017 10:31:57 GMT+0000 (GMT)] INFO Users scan succeeded.
[Mon Jan 16 2017 10:32:00 GMT+0000 (GMT)] INFO Update succeeded: Device: F4KK7S03F197 (Apple iPad Mini) >> David Romilly
[Mon Jan 16 2017 10:32:00 GMT+0000 (GMT)] INFO Users scan succeeded.
[Mon Jan 16 2017 10:32:00 GMT+0000 (GMT)] INFO Devices scan succeeded.
[Mon Jan 16 2017 10:32:46 GMT+0000 (GMT)] INFO Users scan succeeded.
[Mon Jan 16 2017 10:32:46 GMT+0000 (GMT)] INFO Devices scan succeeded.
[Mon Jan 16 2017 10:32:49 GMT+0000 (GMT)] INFO Update succeeded: Device: F4KK7S03F197 (Apple iPad Mini) >> Charging
[Mon Jan 16 2017 10:32:49 GMT+0000 (GMT)] INFO Users scan succeeded.
[Mon Jan 16 2017 10:32:49 GMT+0000 (GMT)] INFO Devices scan succeeded.
[Mon Jan 16 2017 10:32:51 GMT+0000 (GMT)] INFO Update succeeded: Device: F4KK7S03F197 (Apple iPad Mini) >> David Romilly
[Mon Jan 16 2017 10:32:52 GMT+0000 (GMT)] INFO Users scan succeeded.
[Mon Jan 16 2017 10:32:52 GMT+0000 (GMT)] INFO Devices scan succeeded.
[Mon Jan 16 2017 10:33:00 GMT+0000 (GMT)] INFO Users scan succeeded.
[Mon Jan 16 2017 10:33:00 GMT+0000 (GMT)] INFO Devices scan succeeded.
[Mon Jan 16 2017 10:33:01 GMT+0000 (GMT)] INFO Users scan succeeded.
[Mon Jan 16 2017 10:33:01 GMT+0000 (GMT)] INFO Devices scan succeeded.
[Mon Jan 16 2017 10:33:01 GMT+0000 (GMT)] INFO Devices scan succeeded.
[Mon Jan 16 2017 10:33:01 GMT+0000 (GMT)] INFO Users scan succeeded.
[Mon Jan 16 2017 10:33:01 GMT+0000 (GMT)] INFO Users scan succeeded.
[Mon Jan 16 2017 10:33:01 GMT+0000 (GMT)] INFO Devices scan succeeded.
[Mon Jan 16 2017 10:33:02 GMT+0000 (GMT)] INFO Users scan succeeded.
[Mon Jan 16 2017 10:33:02 GMT+0000 (GMT)] INFO Devices scan succeeded.
[Mon Jan 16 2017 10:33:03 GMT+0000 (GMT)] INFO Users scan succeeded.
[Mon Jan 16 2017 10:33:03 GMT+0000 (GMT)] INFO Devices scan succeeded.
[Mon Jan 16 2017 10:33:28 GMT+0000 (GMT)] INFO Users scan succeeded.
[Mon Jan 16 2017 10:33:28 GMT+0000 (GMT)] INFO Devices scan succeeded.
[Mon Jan 16 2017 10:34:57 GMT+0000 (GMT)] INFO Users scan succeeded.
[Mon Jan 16 2017 10:34:57 GMT+0000 (GMT)] INFO Devices scan succeeded.
[Mon Jan 16 2017 10:35:00 GMT+0000 (GMT)] INFO Users scan succeeded.
[Mon Jan 16 2017 10:35:00 GMT+0000 (GMT)] INFO Devices scan succeeded.
[Mon Jan 16 2017 10:35:47 GMT+0000 (GMT)] INFO Users scan succeeded.
[Mon Jan 16 2017 10:35:47 GMT+0000 (GMT)] INFO Devices scan succeeded.
[Mon Jan 16 2017 10:36:48 GMT+0000 (GMT)] INFO Users scan succeeded.
[Mon Jan 16 2017 10:36:48 GMT+0000 (GMT)] INFO Devices scan succeeded.
[Mon Jan 16 2017 10:37:30 GMT+0000 (GMT)] INFO Users scan succeeded.
[Mon Jan 16 2017 10:37:30 GMT+0000 (GMT)] INFO Devices scan succeeded.
[Mon Jan 16 2017 10:39:17 GMT+0000 (GMT)] INFO Devices scan succeeded.
[Mon Jan 16 2017 10:39:17 GMT+0000 (GMT)] INFO Users scan succeeded.
[Mon Jan 16 2017 10:39:35 GMT+0000 (GMT)] INFO Update succeeded: Device: DMPQG6G7G5VJ (Apple iPad Air 2) >> Balint Polgar
[Mon Jan 16 2017 10:39:35 GMT+0000 (GMT)] INFO Devices scan succeeded.
[Mon Jan 16 2017 10:39:35 GMT+0000 (GMT)] INFO Users scan succeeded.
[Mon Jan 16 2017 10:46:44 GMT+0000 (GMT)] INFO Users scan succeeded.
[Mon Jan 16 2017 10:46:44 GMT+0000 (GMT)] INFO Devices scan succeeded.
[Mon Jan 16 2017 10:52:34 GMT+0000 (GMT)] INFO Devices scan succeeded.
[Mon Jan 16 2017 10:52:34 GMT+0000 (GMT)] INFO Users scan succeeded.
[Mon Jan 16 2017 13:29:48 GMT+0000 (GMT)] INFO Users scan succeeded.
[Mon Jan 16 2017 13:29:48 GMT+0000 (GMT)] INFO Devices scan succeeded.
[Mon Jan 16 2017 13:30:03 GMT+0000 (GMT)] INFO Update succeeded: Device: DMRJ1YZ7DJ8T (Apple iPad Gen 3) >> Balint Polgar
[Mon Jan 16 2017 13:30:03 GMT+0000 (GMT)] INFO Users scan succeeded.
[Mon Jan 16 2017 13:30:03 GMT+0000 (GMT)] INFO Devices scan succeeded.
[Mon Jan 16 2017 13:30:09 GMT+0000 (GMT)] INFO Update succeeded: Device: DMRJ1YZ7DJ8T (Apple iPad Gen 3) >> Charging
[Mon Jan 16 2017 13:30:09 GMT+0000 (GMT)] INFO Users scan succeeded.
[Mon Jan 16 2017 13:30:09 GMT+0000 (GMT)] INFO Devices scan succeeded.
[Mon Jan 16 2017 13:30:14 GMT+0000 (GMT)] INFO Update succeeded: Device: DMRJ1YZ7DJ8T (Apple iPad Gen 3) >> Balint Polgar
[Mon Jan 16 2017 13:30:14 GMT+0000 (GMT)] INFO Users scan succeeded.
[Mon Jan 16 2017 13:30:14 GMT+0000 (GMT)] INFO Devices scan succeeded.
[Mon Jan 16 2017 13:30:29 GMT+0000 (GMT)] INFO Devices scan succeeded.
[Mon Jan 16 2017 13:30:29 GMT+0000 (GMT)] INFO Users scan succeeded.
[Mon Jan 16 2017 13:30:40 GMT+0000 (GMT)] INFO Users scan succeeded.
[Mon Jan 16 2017 13:30:40 GMT+0000 (GMT)] INFO Devices scan succeeded.
[Mon Jan 16 2017 13:32:51 GMT+0000 (GMT)] INFO Users scan succeeded.
[Mon Jan 16 2017 13:32:51 GMT+0000 (GMT)] INFO Devices scan succeeded.
[Mon Jan 16 2017 13:32:55 GMT+0000 (GMT)] INFO Users scan succeeded.
[Mon Jan 16 2017 13:32:55 GMT+0000 (GMT)] INFO Devices scan succeeded.
[Mon Jan 16 2017 13:33:44 GMT+0000 (GMT)] INFO Users scan succeeded.
[Mon Jan 16 2017 13:33:44 GMT+0000 (GMT)] INFO Devices scan succeeded.
[Mon Jan 16 2017 13:35:02 GMT+0000 (GMT)] INFO Users scan succeeded.
[Mon Jan 16 2017 13:35:02 GMT+0000 (GMT)] INFO Devices scan succeeded.
[Mon Jan 16 2017 13:38:38 GMT+0000 (GMT)] INFO Devices scan succeeded.
[Mon Jan 16 2017 13:38:38 GMT+0000 (GMT)] INFO Users scan succeeded.
