[Sun Jan 15 2017 14:31:18 GMT+0000 (GMT)] INFO Devices scan succeeded.
[Sun Jan 15 2017 14:31:18 GMT+0000 (GMT)] INFO Users scan succeeded.
[Sun Jan 15 2017 14:31:43 GMT+0000 (GMT)] INFO Update succeeded: Device: RF1CBBPPPEY (Samsung Galaxy S3 Mini) >> Balint Polgar
[Sun Jan 15 2017 14:31:43 GMT+0000 (GMT)] INFO Users scan succeeded.
[Sun Jan 15 2017 14:31:43 GMT+0000 (GMT)] INFO Devices scan succeeded.
[Sun Jan 15 2017 14:31:54 GMT+0000 (GMT)] INFO Update succeeded: Device: RF1CBBPPPEY (Samsung Galaxy S3 Mini) >> Charging
[Sun Jan 15 2017 14:31:54 GMT+0000 (GMT)] INFO Users scan succeeded.
[Sun Jan 15 2017 14:31:54 GMT+0000 (GMT)] INFO Devices scan succeeded.
[Sun Jan 15 2017 14:32:14 GMT+0000 (GMT)] INFO Update succeeded: Device: R31DA1TAS6T (Samsung Galaxy Note 3) >> Salvatore Caridà
[Sun Jan 15 2017 14:32:14 GMT+0000 (GMT)] INFO Update succeeded: Device: RV8F4105RFN (Samsung Galaxy S5) >> Salvatore Caridà
[Sun Jan 15 2017 14:32:14 GMT+0000 (GMT)] INFO Devices scan succeeded.
[Sun Jan 15 2017 14:32:14 GMT+0000 (GMT)] INFO Users scan succeeded.
[Sun Jan 15 2017 14:32:14 GMT+0000 (GMT)] INFO Update succeeded: Device: 4df1f17923467f1d (Samsung Galaxy S3) >> Salvatore Caridà
[Sun Jan 15 2017 14:32:37 GMT+0000 (GMT)] INFO Update succeeded: Device: F1DMNLKVFFGC (iPhone 5S) >> Charging
[Sun Jan 15 2017 14:32:37 GMT+0000 (GMT)] INFO Update succeeded: Device: 4df1f17923467f1d (Samsung Galaxy S3) >> Charging
[Sun Jan 15 2017 14:32:37 GMT+0000 (GMT)] INFO Update succeeded: Device: RF1CBBPPPEY (Samsung Galaxy S3 Mini) >> Charging
[Sun Jan 15 2017 14:32:37 GMT+0000 (GMT)] INFO Update succeeded: Device: R31DA1TAS6T (Samsung Galaxy Note 3) >> Charging
[Sun Jan 15 2017 14:32:38 GMT+0000 (GMT)] INFO Users scan succeeded.
[Sun Jan 15 2017 14:32:38 GMT+0000 (GMT)] INFO Devices scan succeeded.
[Sun Jan 15 2017 14:32:38 GMT+0000 (GMT)] INFO Update succeeded: Device: R58F60GJZFJ (Samsung Galaxy S5) >> Charging
[Sun Jan 15 2017 14:32:38 GMT+0000 (GMT)] INFO Update succeeded: Device: RV8F4105RFN (Samsung Galaxy S5) >> Charging
[Sun Jan 15 2017 14:32:38 GMT+0000 (GMT)] INFO Update succeeded: Device: RV8GC1ERH1F (Samsung Galaxy J5) >> Charging
[Sun Jan 15 2017 14:32:44 GMT+0000 (GMT)] INFO Users scan succeeded.
[Sun Jan 15 2017 14:32:44 GMT+0000 (GMT)] INFO Devices scan succeeded.
[Sun Jan 15 2017 14:34:50 GMT+0000 (GMT)] INFO Update succeeded: Device: 4df1f17923467f1d (Samsung Galaxy S3) >> Salvatore Caridà
[Sun Jan 15 2017 14:34:50 GMT+0000 (GMT)] INFO Update succeeded: Device: RV8F4105RFN (Samsung Galaxy S5) >> Salvatore Caridà
[Sun Jan 15 2017 14:34:50 GMT+0000 (GMT)] INFO Update succeeded: Device: RF1CBBPPPEY (Samsung Galaxy S3 Mini) >> Salvatore Caridà
[Sun Jan 15 2017 14:34:50 GMT+0000 (GMT)] INFO Update succeeded: Device: RV8GC1ERH1F (Samsung Galaxy J5) >> Salvatore Caridà
[Sun Jan 15 2017 14:34:50 GMT+0000 (GMT)] INFO Update succeeded: Device: F1DMNLKVFFGC (iPhone 5S) >> Salvatore Caridà
[Sun Jan 15 2017 14:34:50 GMT+0000 (GMT)] INFO Update succeeded: Device: R31DA1TAS6T (Samsung Galaxy Note 3) >> Salvatore Caridà
[Sun Jan 15 2017 14:34:51 GMT+0000 (GMT)] INFO Users scan succeeded.
[Sun Jan 15 2017 14:34:51 GMT+0000 (GMT)] INFO Devices scan succeeded.
[Sun Jan 15 2017 14:34:51 GMT+0000 (GMT)] INFO Update succeeded: Device: R58F60GJZFJ (Samsung Galaxy S5) >> Salvatore Caridà
[Sun Jan 15 2017 14:35:19 GMT+0000 (GMT)] INFO Users scan succeeded.
[Sun Jan 15 2017 14:35:19 GMT+0000 (GMT)] INFO Devices scan succeeded.
[Sun Jan 15 2017 14:36:58 GMT+0000 (GMT)] INFO Update succeeded: Device: 4df1f17923467f1d (Samsung Galaxy S3) >> Charging
[Sun Jan 15 2017 14:36:58 GMT+0000 (GMT)] INFO Update succeeded: Device: RV8GC1ERH1F (Samsung Galaxy J5) >> Charging
[Sun Jan 15 2017 14:36:58 GMT+0000 (GMT)] INFO Update succeeded: Device: R31DA1TAS6T (Samsung Galaxy Note 3) >> Charging
[Sun Jan 15 2017 14:36:58 GMT+0000 (GMT)] INFO Users scan succeeded.
[Sun Jan 15 2017 14:36:58 GMT+0000 (GMT)] INFO Devices scan succeeded.
[Sun Jan 15 2017 14:36:58 GMT+0000 (GMT)] INFO Update succeeded: Device: R58F60GJZFJ (Samsung Galaxy S5) >> Charging
[Sun Jan 15 2017 14:36:58 GMT+0000 (GMT)] INFO Update succeeded: Device: F1DMNLKVFFGC (iPhone 5S) >> Charging
[Sun Jan 15 2017 14:36:58 GMT+0000 (GMT)] INFO Update succeeded: Device: RF1CBBPPPEY (Samsung Galaxy S3 Mini) >> Charging
[Sun Jan 15 2017 14:36:58 GMT+0000 (GMT)] INFO Update succeeded: Device: RV8F4105RFN (Samsung Galaxy S5) >> Charging
[Sun Jan 15 2017 14:37:00 GMT+0000 (GMT)] INFO Devices scan succeeded.
[Sun Jan 15 2017 14:37:00 GMT+0000 (GMT)] INFO Users scan succeeded.
[Sun Jan 15 2017 14:41:06 GMT+0000 (GMT)] INFO Users scan succeeded.
[Sun Jan 15 2017 14:41:06 GMT+0000 (GMT)] INFO Devices scan succeeded.
[Sun Jan 15 2017 14:41:28 GMT+0000 (GMT)] INFO Users scan succeeded.
[Sun Jan 15 2017 14:41:28 GMT+0000 (GMT)] INFO Devices scan succeeded.
[Sun Jan 15 2017 14:59:57 GMT+0000 (GMT)] INFO Users scan succeeded.
[Sun Jan 15 2017 14:59:57 GMT+0000 (GMT)] INFO Devices scan succeeded.
[Sun Jan 15 2017 15:01:13 GMT+0000 (GMT)] INFO Users scan succeeded.
[Sun Jan 15 2017 15:01:13 GMT+0000 (GMT)] INFO Devices scan succeeded.
[Sun Jan 15 2017 15:01:33 GMT+0000 (GMT)] INFO Users scan succeeded.
[Sun Jan 15 2017 15:01:41 GMT+0000 (GMT)] INFO Users scan succeeded.
[Sun Jan 15 2017 15:01:41 GMT+0000 (GMT)] INFO Devices scan succeeded.
[Sun Jan 15 2017 15:19:45 GMT+0000 (GMT)] INFO Users scan succeeded.
[Sun Jan 15 2017 15:19:45 GMT+0000 (GMT)] INFO Devices scan succeeded.
[Sun Jan 15 2017 18:49:22 GMT+0000 (GMT)] INFO Devices scan succeeded.
[Sun Jan 15 2017 18:49:22 GMT+0000 (GMT)] INFO Users scan succeeded.
[Sun Jan 15 2017 18:53:19 GMT+0000 (GMT)] INFO Users scan succeeded.
[Sun Jan 15 2017 18:53:19 GMT+0000 (GMT)] INFO Devices scan succeeded.
[Sun Jan 15 2017 18:53:33 GMT+0000 (GMT)] INFO Users scan succeeded.
[Sun Jan 15 2017 18:53:35 GMT+0000 (GMT)] INFO Users scan succeeded.
[Sun Jan 15 2017 18:53:35 GMT+0000 (GMT)] INFO Devices scan succeeded.
[Sun Jan 15 2017 18:54:21 GMT+0000 (GMT)] INFO Users scan succeeded.
[Sun Jan 15 2017 18:54:27 GMT+0000 (GMT)] INFO Devices scan succeeded.
[Sun Jan 15 2017 18:54:27 GMT+0000 (GMT)] INFO Users scan succeeded.
[Sun Jan 15 2017 18:54:45 GMT+0000 (GMT)] INFO Users scan succeeded.
[Sun Jan 15 2017 18:54:45 GMT+0000 (GMT)] INFO Devices scan succeeded.
